[debug] [2021-06-08T19:35:32.901Z] ----------------------------------------------------------------------
[debug] [2021-06-08T19:35:32.903Z] Command:       C:\Program Files\nodejs\node.exe C:\Users\Ameer Hamza\AppData\Roaming\npm\node_modules\firebase-tools\lib\bin\firebase.js init
[debug] [2021-06-08T19:35:32.903Z] CLI Version:   9.12.1
[debug] [2021-06-08T19:35:32.903Z] Platform:      win32
[debug] [2021-06-08T19:35:32.903Z] Node Version:  v12.22.1
[debug] [2021-06-08T19:35:32.904Z] Time:          Wed Jun 09 2021 00:35:32 GMT+0500 (Pakistan Standard Time)
[debug] [2021-06-08T19:35:32.904Z] ----------------------------------------------------------------------
[debug] 
[debug] [2021-06-08T19:35:32.906Z] >>> [apiv2][query] GET https://firebase-public.firebaseio.com/cli.json [none]
[debug] [2021-06-08T19:35:32.929Z] > command requires scopes: ["email","openid","https://www.googleapis.com/auth/cloudplatformprojects.readonly","https://www.googleapis.com/auth/firebase","https://www.googleapis.com/auth/cloud-platform"]
[debug] [2021-06-08T19:35:32.930Z] > authorizing via signed-in user (ameer.hamza1811@gmail.com)
[info] 
     ######## #### ########  ######## ########     ###     ######  ########
     ##        ##  ##     ## ##       ##     ##  ##   ##  ##       ##
     ######    ##  ########  ######   ########  #########  ######  ######
     ##        ##  ##    ##  ##       ##     ## ##     ##       ## ##
     ##       #### ##     ## ######## ########  ##     ##  ######  ########

You're about to initialize a Firebase project in this directory:

  D:\My React App\todo

[debug] [2021-06-08T19:35:33.975Z] <<< [apiv2][status] GET https://firebase-public.firebaseio.com/cli.json 200
[debug] [2021-06-08T19:35:33.976Z] <<< [apiv2][body] GET https://firebase-public.firebaseio.com/cli.json {"cloudBuildErrorAfter":1594252800000,"cloudBuildWarnAfter":1590019200000,"defaultNode10After":1594252800000,"minVersion":"3.0.5","node8DeploysDisabledAfter":1613390400000,"node8RuntimeDisabledAfter":1615809600000,"node8WarnAfter":1600128000000}
